<?xml version="1.0" encoding="UTF-8"?>
<!-- Generated by org.testng.reporters.JUnitXMLReporter -->
<testsuite ignored="0" hostname="Gentekss-MacBook-Pro.local" failures="1" tests="3" name="Firefox Tests" time="48.631" errors="0" timestamp="05 Jan 2021 21:00:10 GMT">
  <testcase classname="web.tests.loginTest.LoginTest" name="loginLogoutTest" time="7.947"/>
  <testcase classname="web.tests.loginTest.LoginTest" name="headerTextTestFail" time="3.414">
    <failure type="java.lang.InterruptedException" message="Home Page Header Text NOT A Match">
      <![CDATA[java.lang.InterruptedException: Home Page Header Text NOT A Match
at web.pages.VshredHomePage.verifyHomepageHeaderTextIsAMatchFail_aroundBody14(VshredHomePage.java:121)
at web.pages.VshredHomePage$AjcClosure15.run(VshredHomePage.java:1)
at io.qameta.allure.aspects.StepsAspects.step(StepsAspects.java:50)
at web.pages.VshredHomePage.verifyHomepageHeaderTextIsAMatchFail(VshredHomePage.java:117)
at web.tests.loginTest.LoginTest.headerTextTestFail(LoginTest.java:77)
at java.base/java.util.concurrent.ThreadPoolExecutor.runWorker(ThreadPoolExecutor.java:1130)
at java.base/java.util.concurrent.ThreadPoolExecutor$Worker.run(ThreadPoolExecutor.java:630)
at java.base/java.lang.Thread.run(Thread.java:832)
... Removed 11 stack frames]]>
    </failure>
  </testcase> <!-- headerTextTestFail -->
  <testcase classname="web.tests.loginTest.LoginTest" name="clickDayTwoGymWorkCalendar" time="14.032"/>
</testsuite> <!-- Firefox Tests -->
