<?xml version="1.0" encoding="UTF-8"?>
<testng-results ignored="0" total="1" passed="1" failed="0" skipped="0">
  <reporter-output>
  </reporter-output>
  <suite started-at="2021-04-03T00:39:04Z" name="Suite" finished-at="2021-04-03T00:39:24Z" duration-ms="19690">
    <groups>
    </groups>
    <test started-at="2021-04-03T00:39:04Z" name="Chrome Tests" finished-at="2021-04-03T00:39:24Z" duration-ms="19690">
      <class name="web.tests.sculptnation.loginTests.SNLogInOutTest">
        <test-method is-config="true" signature="initializeTestBaseSetup(java.lang.String, java.lang.String)[pri:0, instance:web.tests.sculptnation.loginTests.SNLogInOutTest@3eba57a7]" started-at="2021-04-03T00:39:04Z" name="initializeTestBaseSetup" finished-at="2021-04-03T00:39:07Z" duration-ms="2505" status="PASS">
          <params>
            <param index="0">
              <value>
                <![CDATA[chrome]]>
              </value>
            </param>
            <param index="1">
              <value>
                <![CDATA[https://sculptnation.com/?qa_test=VSQAT&utm_source=testing&utm_content=testing&utm_medium=testing]]>
              </value>
            </param>
          </params>
          <reporter-output>
          </reporter-output>
        </test-method> <!-- initializeTestBaseSetup -->
        <test-method is-config="true" signature="setUp()[pri:0, instance:web.tests.sculptnation.loginTests.SNLogInOutTest@3eba57a7]" started-at="2021-04-03T00:39:07Z" name="setUp" finished-at="2021-04-03T00:39:07Z" duration-ms="41" status="PASS">
          <reporter-output>
          </reporter-output>
        </test-method> <!-- setUp -->
        <test-method signature="loginLogoutTest()[pri:0, instance:web.tests.sculptnation.loginTests.SNLogInOutTest@3eba57a7]" started-at="2021-04-03T00:39:07Z" name="loginLogoutTest" finished-at="2021-04-03T00:39:24Z" duration-ms="16942" status="PASS">
          <reporter-output>
          </reporter-output>
        </test-method> <!-- loginLogoutTest -->
        <test-method is-config="true" signature="tearDown()[pri:0, instance:web.tests.sculptnation.loginTests.SNLogInOutTest@3eba57a7]" started-at="2021-04-03T00:39:24Z" name="tearDown" finished-at="2021-04-03T00:39:24Z" duration-ms="100" status="PASS">
          <reporter-output>
          </reporter-output>
        </test-method> <!-- tearDown -->
      </class> <!-- web.tests.sculptnation.loginTests.SNLogInOutTest -->
    </test> <!-- Chrome Tests -->
  </suite> <!-- Suite -->
</testng-results>
